# JRE version: OpenJDK Runtime Environment Temurin-21.0.10+7 (21.0.10+7) (build 21.0.10+7-LTS)
# Java VM: OpenJDK 64-Bit Server VM Temurin-21.0.10+7 (21.0.10+7-LTS, mixed mode, sharing, tiered, compressed oops, compressed class ptrs, g1 gc, windows-amd64)
GC Precious Log:
 CardTable entry size: 512
 Card Set container configuration: InlinePtr #cards 4 size 8 Array Of Cards #cards 32 size 80 Howl #buckets 8 coarsen threshold 7372 Howl Bitmap #cards 1024 size 144 coarsen threshold 921 Card regions per heap region 1 cards per card region 8192
 CPUs: 4 total, 4 available
 Memory: 8089M
 Large Page Support: Disabled
 NUMA Support: Disabled
 Compressed Oops: Enabled (Zero based)
 Heap Region Size: 4M
 Heap Min Capacity: 8M
 Heap Initial Capacity: 128M
 Heap Max Capacity: 8G
 Pre-touch: Disabled
 Parallel Workers: 4
 Concurrent Workers: 1
 Concurrent Refinement Workers: 4
 Periodic GC: Disabled
Heap:
 garbage-first heap   total 933888K, used 384491K [0x0000000600000000, 0x0000000800000000)
  region size 4096K, 2 young (8192K), 2 survivors (8192K)
 Metaspace       used 164894K, committed 167360K, reserved 1245184K
  class space    used 21264K, committed 22464K, reserved 1048576K
GC Heap History (20 events):
Event: 122.754 GC heap after
{Heap after GC invocations=46 (full 0):
 garbage-first heap   total 458752K, used 272154K [0x0000000600000000, 0x0000000800000000)
  region size 4096K, 6 young (24576K), 6 survivors (24576K)
 Metaspace       used 145324K, committed 147712K, reserved 1179648K
  class space    used 19033K, committed 20224K, reserved 1048576K
}
Event: 123.811 GC heap before
{Heap before GC invocations=46 (full 0):
 garbage-first heap   total 458752K, used 382746K [0x0000000600000000, 0x0000000800000000)
  region size 4096K, 33 young (135168K), 6 survivors (24576K)
 Metaspace       used 145596K, committed 147968K, reserved 1179648K
  class space    used 19044K, committed 20224K, reserved 1048576K
}
Event: 123.866 GC heap after
{Heap after GC invocations=47 (full 0):
 garbage-first heap   total 458752K, used 315147K [0x0000000600000000, 0x0000000800000000)
  region size 4096K, 5 young (20480K), 5 survivors (20480K)
 Metaspace       used 145596K, committed 147968K, reserved 1179648K
  class space    used 19044K, committed 20224K, reserved 1048576K
}
Event: 124.758 GC heap before
{Heap before GC invocations=48 (full 0):
 garbage-first heap   total 466944K, used 356107K [0x0000000600000000, 0x0000000800000000)
  region size 4096K, 24 young (98304K), 5 survivors (20480K)
 Metaspace       used 145741K, committed 148096K, reserved 1179648K
  class space    used 19045K, committed 20224K, reserved 1048576K
}
Event: 124.807 GC heap after
{Heap after GC invocations=49 (full 0):
 garbage-first heap   total 466944K, used 309248K [0x0000000600000000, 0x0000000800000000)
  region size 4096K, 3 young (12288K), 3 survivors (12288K)
 Metaspace       used 145741K, committed 148096K, reserved 1179648K
  class space    used 19045K, committed 20224K, reserved 1048576K
}
Event: 126.619 GC heap before
{Heap before GC invocations=49 (full 0):
 garbage-first heap   total 466944K, used 387072K [0x0000000600000000, 0x0000000800000000)
  region size 4096K, 23 young (94208K), 3 survivors (12288K)
 Metaspace       used 150944K, committed 153344K, reserved 1245184K
  class space    used 19611K, committed 20800K, reserved 1048576K
}
Event: 126.650 GC heap after
{Heap after GC invocations=50 (full 0):
 garbage-first heap   total 466944K, used 282624K [0x0000000600000000, 0x0000000800000000)
  region size 4096K, 3 young (12288K), 3 survivors (12288K)
 Metaspace       used 150944K, committed 153344K, reserved 1245184K
  class space    used 19611K, committed 20800K, reserved 1048576K
}
Event: 128.508 GC heap before
{Heap before GC invocations=50 (full 0):
 garbage-first heap   total 466944K, used 380928K [0x0000000600000000, 0x0000000800000000)
  region size 4096K, 28 young (114688K), 3 survivors (12288K)
 Metaspace       used 158239K, committed 160704K, reserved 1245184K
  class space    used 20561K, committed 21760K, reserved 1048576K
}
Event: 128.532 GC heap after
{Heap after GC invocations=51 (full 0):
 garbage-first heap   total 933888K, used 289297K [0x0000000600000000, 0x0000000800000000)
  region size 4096K, 3 young (12288K), 3 survivors (12288K)
 Metaspace       used 158239K, committed 160704K, reserved 1245184K
  class space    used 20561K, committed 21760K, reserved 1048576K
}
Event: 134.946 GC heap before
{Heap before GC invocations=51 (full 0):
 garbage-first heap   total 933888K, used 637457K [0x0000000600000000, 0x0000000800000000)
  region size 4096K, 89 young (364544K), 3 survivors (12288K)
 Metaspace       used 163054K, committed 165568K, reserved 1245184K
  class space    used 21120K, committed 22336K, reserved 1048576K
}
Event: 136.440 GC heap after
{Heap after GC invocations=52 (full 0):
 garbage-first heap   total 933888K, used 330523K [0x0000000600000000, 0x0000000800000000)
  region size 4096K, 12 young (49152K), 12 survivors (49152K)
 Metaspace       used 163054K, committed 165568K, reserved 1245184K
  class space    used 21120K, committed 22336K, reserved 1048576K
}
Event: 136.492 GC heap before
{Heap before GC invocations=52 (full 0):
 garbage-first heap   total 933888K, used 334619K [0x0000000600000000, 0x0000000800000000)
  region size 4096K, 13 young (53248K), 12 survivors (49152K)
 Metaspace       used 163054K, committed 165568K, reserved 1245184K
  class space    used 21120K, committed 22336K, reserved 1048576K
}
Event: 136.545 GC heap after
{Heap after GC invocations=53 (full 0):
 garbage-first heap   total 933888K, used 338567K [0x0000000600000000, 0x0000000800000000)
  region size 4096K, 2 young (8192K), 2 survivors (8192K)
 Metaspace       used 163054K, committed 165568K, reserved 1245184K
  class space    used 21120K, committed 22336K, reserved 1048576K
}
Event: 138.869 GC heap before
{Heap before GC invocations=53 (full 0):
 garbage-first heap   total 933888K, used 375431K [0x0000000600000000, 0x0000000800000000)
  region size 4096K, 11 young (45056K), 2 survivors (8192K)
 Metaspace       used 163208K, committed 165696K, reserved 1245184K
  class space    used 21131K, committed 22336K, reserved 1048576K
}
Event: 138.879 GC heap after
{Heap after GC invocations=54 (full 0):
 garbage-first heap   total 933888K, used 347683K [0x0000000600000000, 0x0000000800000000)
  region size 4096K, 2 young (8192K), 2 survivors (8192K)
 Metaspace       used 163208K, committed 165696K, reserved 1245184K
  class space    used 21131K, committed 22336K, reserved 1048576K
}
Event: 139.030 GC heap before
{Heap before GC invocations=54 (full 0):
 garbage-first heap   total 933888K, used 384547K [0x0000000600000000, 0x0000000800000000)
  region size 4096K, 11 young (45056K), 2 survivors (8192K)
 Metaspace       used 163225K, committed 165696K, reserved 1245184K
  class space    used 21131K, committed 22336K, reserved 1048576K
}
Event: 139.046 GC heap after
{Heap after GC invocations=55 (full 0):
 garbage-first heap   total 933888K, used 359502K [0x0000000600000000, 0x0000000800000000)
  region size 4096K, 2 young (8192K), 2 survivors (8192K)
 Metaspace       used 163225K, committed 165696K, reserved 1245184K
  class space    used 21131K, committed 22336K, reserved 1048576K
}
Event: 139.329 GC heap before
{Heap before GC invocations=55 (full 0):
 garbage-first heap   total 933888K, used 400462K [0x0000000600000000, 0x0000000800000000)
  region size 4096K, 12 young (49152K), 2 survivors (8192K)
 Metaspace       used 163330K, committed 165824K, reserved 1245184K
  class space    used 21133K, committed 22336K, reserved 1048576K
}
Event: 139.348 GC heap after
{Heap after GC invocations=56 (full 0):
 garbage-first heap   total 933888K, used 373262K [0x0000000600000000, 0x0000000800000000)
  region size 4096K, 2 young (8192K), 2 survivors (8192K)
 Metaspace       used 163330K, committed 165824K, reserved 1245184K
  class space    used 21133K, committed 22336K, reserved 1048576K
}
Event: 140.927 GC heap before
{Heap before GC invocations=56 (full 0):
 garbage-first heap   total 933888K, used 426510K [0x0000000600000000, 0x0000000800000000)
  region size 4096K, 16 young (65536K), 2 survivors (8192K)
 Metaspace       used 164894K, committed 167360K, reserved 1245184K
  class space    used 21264K, committed 22464K, reserved 1048576K
}

